<?xml version="1.0" encoding="UTF-8" ?>
<testsuite tests="17" failures="0" name="TestSuite" time="20.919" errors="0" skipped="0">
  <properties>
    <property name="java.runtime.name" value="OpenJDK Runtime Environment"/>
    <property name="java.vm.version" value="18.0.2+9-61"/>
    <property name="sun.boot.library.path" value="C:\Users\user\.jdks\openjdk-18.0.2\bin"/>
    <property name="maven.multiModuleProjectDirectory" value="C:\Users\user\IdeaProjects\EmployeesController"/>
    <property name="java.vm.vendor" value="Oracle Corporation"/>
    <property name="java.vendor.url" value="https://java.oracle.com/"/>
    <property name="guice.disable.misplaced.annotation.check" value="true"/>
    <property name="path.separator" value=";"/>
    <property name="java.vm.name" value="OpenJDK 64-Bit Server VM"/>
    <property name="sun.os.patch.level" value=""/>
    <property name="user.script" value=""/>
    <property name="user.country" value="US"/>
    <property name="sun.java.launcher" value="SUN_STANDARD"/>
    <property name="java.vm.specification.name" value="Java Virtual Machine Specification"/>
    <property name="user.dir" value="C:\Users\user\IdeaProjects\EmployeesController"/>
    <property name="java.vm.compressedOopsMode" value="32-bit"/>
    <property name="java.runtime.version" value="18.0.2+9-61"/>
    <property name="os.arch" value="amd64"/>
    <property name="java.io.tmpdir" value="C:\Users\user\AppData\Local\Temp\"/>
    <property name="line.separator" value="
"/>
    <property name="java.vm.specification.vendor" value="Oracle Corporation"/>
    <property name="user.variant" value=""/>
    <property name="os.name" value="Windows 10"/>
    <property name="classworlds.conf" value="C:\Users\user\Downloads\apache-maven-3.8.6-bin\apache-maven-3.8.6\bin\m2.conf"/>
    <property name="sun.jnu.encoding" value="Cp1252"/>
    <property name="java.library.path" value="C:\Users\user\.jdks\openjdk-18.0.2\bin;C:\WINDOWS\Sun\Java\bin;C:\WINDOWS\system32;C:\WINDOWS;C:\Program Files\Common Files\Oracle\Java\javapath;C:\Program Files (x86)\Common Files\Oracle\Java\javapath;C:\oraclexe\app\oracle\product\11.2.0\server\bin;C:\app\user\product\21c\dbhomeXE\bin;C:\WINDOWS\system32;C:\WINDOWS;C:\WINDOWS\System32\Wbem;C:\WINDOWS\System32\WindowsPowerShell\v1.0\;C:\WINDOWS\System32\OpenSSH\;C:\Program Files\nodejs\;C:\ProgramData\chocolatey\bin;C:\Users\user\.jdks\openjdk-18.0.2\bin;C:\Program Files\Git\cmd;C:\Users\user\AppData\Local\Microsoft\WindowsApps;C:\Program Files\JetBrains\PyCharm 2021.2\bin;;C:\Users\user\AppData\Roaming\npm;C:\Users\user\Downloads\apache-maven-3.8.6-bin\apache-maven-3.8.6\bin;;."/>
    <property name="maven.conf" value="C:\Users\user\Downloads\apache-maven-3.8.6-bin\apache-maven-3.8.6/conf"/>
    <property name="jdk.debug" value="release"/>
    <property name="java.class.version" value="62.0"/>
    <property name="java.specification.name" value="Java Platform API Specification"/>
    <property name="sun.management.compiler" value="HotSpot 64-Bit Tiered Compilers"/>
    <property name="os.version" value="10.0"/>
    <property name="library.jansi.path" value="C:\Users\user\Downloads\apache-maven-3.8.6-bin\apache-maven-3.8.6\lib\jansi-native"/>
    <property name="user.home" value="C:\Users\user"/>
    <property name="user.timezone" value="Asia/Calcutta"/>
    <property name="file.encoding" value="UTF-8"/>
    <property name="java.specification.version" value="18"/>
    <property name="user.name" value="user"/>
    <property name="java.class.path" value="C:\Users\user\Downloads\apache-maven-3.8.6-bin\apache-maven-3.8.6\boot\plexus-classworlds-2.6.0.jar"/>
    <property name="java.vm.specification.version" value="18"/>
    <property name="sun.arch.data.model" value="64"/>
    <property name="sun.java.command" value="org.codehaus.plexus.classworlds.launcher.Launcher clean test"/>
    <property name="java.home" value="C:\Users\user\.jdks\openjdk-18.0.2"/>
    <property name="user.language" value="en"/>
    <property name="java.specification.vendor" value="Oracle Corporation"/>
    <property name="java.vm.info" value="mixed mode, sharing"/>
    <property name="java.version" value="18.0.2"/>
    <property name="native.encoding" value="Cp1252"/>
    <property name="java.vendor" value="Oracle Corporation"/>
    <property name="sun.stderr.encoding" value="cp437"/>
    <property name="maven.home" value="C:\Users\user\Downloads\apache-maven-3.8.6-bin\apache-maven-3.8.6"/>
    <property name="file.separator" value="\"/>
    <property name="java.version.date" value="2022-07-19"/>
    <property name="java.vendor.url.bug" value="https://bugreport.java.com/bugreport/"/>
    <property name="sun.io.unicode.encoding" value="UnicodeLittle"/>
    <property name="sun.cpu.endian" value="little"/>
    <property name="sun.stdout.encoding" value="cp437"/>
    <property name="sun.cpu.isalist" value="amd64"/>
  </properties>
  <testcase classname="EmpRunner.TestRunner" name="runScenario" time="6.714"/>
  <testcase classname="EmpRunner.TestRunner" name="runScenario" time="0.539"/>
  <testcase classname="EmpRunner.TestRunner" name="runScenario" time="0.561"/>
  <testcase classname="EmpRunner.TestRunner" name="runScenario" time="0.41"/>
  <testcase classname="EmpRunner.TestRunner" name="runScenario" time="0.481"/>
  <testcase classname="EmpRunner.TestRunner" name="runScenario" time="1.062"/>
  <testcase classname="EmpRunner.TestRunner" name="runScenario" time="0.883"/>
  <testcase classname="EmpRunner.TestRunner" name="runScenario" time="1.128"/>
  <testcase classname="EmpRunner.TestRunner" name="runScenario" time="7.726"/>
  <testcase classname="EmpRunner.TestRunner" name="runScenario" time="0.131"/>
  <testcase classname="EmpRunner.TestRunner" name="runScenario" time="0.375"/>
  <testcase classname="EmpRunner.TestRunner" name="runScenario" time="0.291"/>
  <testcase classname="EmpRunner.TestRunner" name="runScenario" time="0.252"/>
  <testcase classname="EmpRunner.TestRunner" name="runScenario" time="0.015"/>
  <testcase classname="EmpRunner.TestRunner" name="runScenario" time="0.085"/>
  <testcase classname="EmpRunner.TestRunner" name="runScenario" time="0.243"/>
  <testcase classname="EmpRunner.TestRunner" name="runScenario" time="0.023"/>
</testsuite>