<?xml version="1.0" encoding="UTF-8"?>
<!-- Generated by org.testng.reporters.JUnitReportReporter -->
<testsuite hostname="DESKTOP-EFBNKLC" failures="0" tests="17" name="EmpRunner.TestRunner" time="16.841" errors="0" timestamp="2022-08-16T17:35:42 IST" skipped="0">
  <testcase classname="EmpRunner.TestRunner" name="runScenario" time="0.440"/>
  <system-out/>
  <testcase classname="EmpRunner.TestRunner" name="runScenario" time="0.502"/>
  <system-out/>
  <testcase classname="EmpRunner.TestRunner" name="runScenario" time="0.367"/>
  <system-out/>
  <testcase classname="EmpRunner.TestRunner" name="runScenario" time="0.423"/>
  <system-out/>
  <testcase classname="EmpRunner.TestRunner" name="runScenario" time="1.013"/>
  <system-out/>
  <testcase classname="EmpRunner.TestRunner" name="runScenario" time="0.462"/>
  <system-out/>
  <testcase classname="EmpRunner.TestRunner" name="runScenario" time="0.463"/>
  <system-out/>
  <testcase classname="EmpRunner.TestRunner" name="runScenario" time="0.957"/>
  <system-out/>
  <testcase classname="EmpRunner.TestRunner" name="runScenario" time="0.491"/>
  <system-out/>
  <testcase classname="EmpRunner.TestRunner" name="runScenario" time="1.424"/>
  <system-out/>
  <testcase classname="EmpRunner.TestRunner" name="runScenario" time="0.537"/>
  <system-out/>
  <testcase classname="EmpRunner.TestRunner" name="runScenario" time="0.992"/>
  <system-out/>
  <testcase classname="EmpRunner.TestRunner" name="runScenario" time="0.637"/>
  <system-out/>
  <testcase classname="EmpRunner.TestRunner" name="runScenario" time="6.710"/>
  <system-out/>
  <testcase classname="EmpRunner.TestRunner" name="runScenario" time="0.659"/>
  <system-out/>
  <testcase classname="EmpRunner.TestRunner" name="runScenario" time="0.401"/>
  <system-out/>
  <testcase classname="EmpRunner.TestRunner" name="runScenario" time="0.363"/>
  <system-out/>
</testsuite> <!-- EmpRunner.TestRunner -->
